<?xml version="1.0" encoding="UTF-8"?>
<!-- Generated by org.testng.reporters.JUnitReportReporter -->
<testsuite hostname="Naveen" failures="0" tests="2" name="com.testng.annotations" time="0.006" errors="0" timestamp="06 Dec 2023 11:02:29 GMT" skipped="0">
  <testcase classname="com.testng.annotations" name="t10" time="0.001"/>
  <testcase classname="com.testng.annotations" name="t1" time="0.005"/>
</testsuite> <!-- com.testng.annotations -->
