<?xml version="1.0" encoding="UTF-8"?>
<!-- Generated by org.testng.reporters.JUnitReportReporter -->
<testsuite hostname="Naveen" failures="0" tests="10" name="com.testng.invocationcount" time="0.010" errors="0" timestamp="30 Nov 2023 08:19:05 GMT" skipped="0">
  <testcase classname="com.testng.invocationcount" name="test" time="0.005"/>
  <testcase classname="com.testng.invocationcount" name="test" time="0.001"/>
  <testcase classname="com.testng.invocationcount" name="test" time="0.000"/>
  <testcase classname="com.testng.invocationcount" name="test" time="0.000"/>
  <testcase classname="com.testng.invocationcount" name="test" time="0.001"/>
  <testcase classname="com.testng.invocationcount" name="test" time="0.001"/>
  <testcase classname="com.testng.invocationcount" name="test" time="0.001"/>
  <testcase classname="com.testng.invocationcount" name="test" time="0.000"/>
  <testcase classname="com.testng.invocationcount" name="test" time="0.000"/>
  <testcase classname="com.testng.invocationcount" name="test" time="0.001"/>
</testsuite> <!-- com.testng.invocationcount -->
