<?xml version="1.0" encoding="UTF-8"?>
<!-- Generated by org.testng.reporters.JUnitReportReporter -->
<testsuite hostname="Naveen" failures="0" tests="2" name="com.testng.handlemultiplebrowsers" time="9.970" errors="0" timestamp="11 Dec 2023 13:32:53 GMT" skipped="0">
  <testcase classname="com.testng.handlemultiplebrowsers" name="multiplebrowsertest" time="6.430"/>
  <testcase classname="com.testng.handlemultiplebrowsers" name="multiplebrowsertest" time="3.540"/>
</testsuite> <!-- com.testng.handlemultiplebrowsers -->
