<?xml version="1.0" encoding="UTF-8"?>
<!-- Generated by org.testng.reporters.JUnitReportReporter -->
<testsuite hostname="Naveen" failures="0" tests="5" name="com.testng.priorityoftestcases" time="0.010" errors="0" timestamp="30 Nov 2023 06:50:15 GMT" skipped="0">
  <testcase classname="com.testng.priorityoftestcases" name="t10" time="0.007"/>
  <testcase classname="com.testng.priorityoftestcases" name="t11" time="0.001"/>
  <testcase classname="com.testng.priorityoftestcases" name="t12" time="0.000"/>
  <testcase classname="com.testng.priorityoftestcases" name="t13" time="0.001"/>
  <testcase classname="com.testng.priorityoftestcases" name="t14" time="0.001"/>
</testsuite> <!-- com.testng.priorityoftestcases -->
