<?xml version="1.0" encoding="UTF-8"?>
<!-- Generated by org.testng.reporters.JUnitReportReporter -->
<testsuite hostname="Naveen" failures="0" tests="3" name="com.testng.alphabeticalorderexecution" time="0.003" errors="0" timestamp="30 Nov 2023 06:50:15 GMT" skipped="0">
  <testcase classname="com.testng.alphabeticalorderexecution" name="abc" time="0.001"/>
  <testcase classname="com.testng.alphabeticalorderexecution" name="xyz" time="0.001"/>
  <testcase classname="com.testng.alphabeticalorderexecution" name="zp" time="0.001"/>
</testsuite> <!-- com.testng.alphabeticalorderexecution -->
