<?xml version="1.0" encoding="UTF-8"?>
<!-- Generated by org.testng.reporters.JUnitReportReporter -->
<testsuite hostname="Naveen" failures="0" tests="2" name="com.testng.annotations_duplicate" time="0.002" errors="0" timestamp="30 Nov 2023 06:50:15 GMT" skipped="0">
  <testcase classname="com.testng.annotations_duplicate" name="t10" time="0.001"/>
  <testcase classname="com.testng.annotations_duplicate" name="t1" time="0.001"/>
</testsuite> <!-- com.testng.annotations_duplicate -->
