<?xml version="1.0" encoding="UTF-8"?>
<!-- Generated by org.testng.reporters.JUnitReportReporter -->
<testsuite hostname="Naveen" failures="0" tests="3" name="com.testng.practice" time="0.007" errors="0" timestamp="08 Dec 2023 11:21:06 GMT" skipped="0">
  <testcase classname="com.testng.practice" name="test1" time="0.001"/>
  <testcase classname="com.testng.practice" name="abc" time="0.006"/>
  <testcase classname="com.testng.practice" name="ghi" time="0.000"/>
</testsuite> <!-- com.testng.practice -->
