<?xml version="1.0" encoding="UTF-8"?>
<!-- Generated by org.testng.reporters.JUnitReportReporter -->
<testsuite hostname="Naveen" failures="0" tests="5" name="com.testng.gropingoftestcases" time="0.011" errors="0" timestamp="11 Dec 2023 13:32:19 GMT" skipped="0">
  <testcase classname="com.testng.gropingoftestcases" name="abc" time="0.007"/>
  <testcase classname="com.testng.gropingoftestcases" name="za" time="0.001"/>
  <testcase classname="com.testng.gropingoftestcases" name="xyz" time="0.001"/>
  <testcase classname="com.testng.gropingoftestcases" name="zp" time="0.002"/>
  <testcase classname="com.testng.gropingoftestcases" name="zq" time="0.000"/>
</testsuite> <!-- com.testng.gropingoftestcases -->
