<?xml version="1.0" encoding="UTF-8"?>
<!-- Generated by org.testng.reporters.JUnitReportReporter -->
<testsuite hostname="Naveen" failures="0" tests="1" name="com.testng.how_to_disable_test" time="0.005" errors="0" timestamp="30 Nov 2023 08:20:42 GMT" skipped="0">
  <testcase classname="com.testng.how_to_disable_test" name="test" time="0.005"/>
</testsuite> <!-- com.testng.how_to_disable_test -->
