<?xml version="1.0" encoding="UTF-8"?>
<!-- Generated by org.testng.reporters.JUnitReportReporter -->
<testsuite hostname="Naveen" failures="0" tests="1" name="tests.createaccounttest" time="13.266" errors="0" timestamp="02 Dec 2023 12:54:55 GMT" skipped="0">
  <testcase classname="tests.createaccounttest" name="test" time="13.266"/>
</testsuite> <!-- tests.createaccounttest -->
