<?xml version="1.0" encoding="UTF-8"?>
<!-- Generated by org.testng.reporters.JUnitReportReporter -->
<testsuite hostname="Naveen" failures="0" tests="1" name="com.testng.assertions" time="0.006" errors="0" timestamp="30 Nov 2023 08:27:40 GMT" skipped="0">
  <testcase classname="com.testng.assertions" name="m1" time="0.006"/>
</testsuite> <!-- com.testng.assertions -->
