<?xml version="1.0" encoding="UTF-8"?>
<!-- Generated by org.testng.reporters.JUnitReportReporter -->
<testsuite hostname="Naveen" failures="0" tests="2" name="com.testng.dataprovider_testng" time="0.005" errors="0" timestamp="30 Nov 2023 08:16:01 GMT" skipped="0">
  <testcase classname="com.testng.dataprovider_testng" name="test" time="0.004"/>
  <testcase classname="com.testng.dataprovider_testng" name="test" time="0.001"/>
</testsuite> <!-- com.testng.dataprovider_testng -->
