<?xml version="1.0" encoding="UTF-8"?>
<!-- Generated by org.testng.reporters.JUnitReportReporter -->
<testsuite hostname="Naveen" failures="0" tests="4" name="com.testng.demo1" time="0.006" errors="0" timestamp="01 Dec 2023 12:46:55 GMT" skipped="0">
  <testcase classname="com.testng.demo1" name="hij" time="0.000"/>
  <testcase classname="com.testng.demo1" name="klm" time="0.000"/>
  <testcase classname="com.testng.demo1" name="efg" time="0.000"/>
  <testcase classname="com.testng.demo1" name="abc" time="0.006"/>
</testsuite> <!-- com.testng.demo1 -->
