<?xml version="1.0" encoding="UTF-8"?>
<!-- Generated by org.testng.reporters.JUnitReportReporter -->
<testsuite hostname="Naveen" failures="0" tests="4" name="com.testng.demo" time="0.010" errors="0" timestamp="01 Dec 2023 12:28:16 GMT" skipped="0">
  <testcase classname="com.testng.demo" name="ghi" time="0.001"/>
  <testcase classname="com.testng.demo" name="jkl" time="0.001"/>
  <testcase classname="com.testng.demo" name="def" time="0.001"/>
  <testcase classname="com.testng.demo" name="abc" time="0.007"/>
</testsuite> <!-- com.testng.demo -->
